<?xml version="1.0" encoding="UTF-8"?>
<!-- Generated by org.testng.reporters.JUnitXMLReporter -->
<testsuite hostname="MUNTASIR-BOCTC10" ignored="0" name="Default test" tests="4" failures="0" timestamp="2021-01-02T16:01:23 BDT" time="67.779" errors="0">
  <testcase name="loginTC_001" time="14.586" classname="com.ExtentReport.LoginTestCustomizeExtentReport"/>
  <testcase name="loginTC_002" time="14.008" classname="com.ExtentReport.LoginTestCustomizeExtentReport"/>
  <testcase name="loginTC_003" time="13.097" classname="com.ExtentReport.LoginTestCustomizeExtentReport"/>
  <testcase name="loginTC_004" time="18.503" classname="com.ExtentReport.LoginTestCustomizeExtentReport"/>
</testsuite> <!-- Default test -->
