<?xml version="1.0" encoding="UTF-8"?>
<!-- Generated by org.testng.reporters.JUnitXMLReporter -->
<testsuite hostname="MUNTASIR-BOCTC10" ignored="0" name="LoginExtentTest" tests="4" failures="0" timestamp="2021-01-02T15:55:35 BDT" time="68.762" errors="0">
  <testcase name="loginTC_001" time="15.067" classname="com.ExtentReport.LoginTestCustomizeExtentReport"/>
  <testcase name="loginTC_002" time="13.757" classname="com.ExtentReport.LoginTestCustomizeExtentReport"/>
  <testcase name="loginTC_003" time="13.176" classname="com.ExtentReport.LoginTestCustomizeExtentReport"/>
  <testcase name="loginTC_004" time="19.06" classname="com.ExtentReport.LoginTestCustomizeExtentReport"/>
</testsuite> <!-- LoginExtentTest -->
