<?xml version="1.0" encoding="UTF-8"?>
<testng-results skipped="0" failed="0" ignored="0" total="1" passed="1">
  <reporter-output>
  </reporter-output>
  <suite name="Default suite" duration-ms="32040" started-at="2021-01-16T13:15:16 BDT" finished-at="2021-01-16T13:15:48 BDT">
    <groups>
    </groups>
    <test name="Default test" duration-ms="32040" started-at="2021-01-16T13:15:16 BDT" finished-at="2021-01-16T13:15:48 BDT">
      <class name="com.ExtentReport.LoginTestNormalExtentReport">
        <test-method status="PASS" signature="launchChrome()[pri:0, instance:com.ExtentReport.LoginTestNormalExtentReport@462d5aee]" name="launchChrome" is-config="true" duration-ms="7205" started-at="2021-01-16T13:15:16 BDT" finished-at="2021-01-16T13:15:23 BDT">
          <reporter-output>
          </reporter-output>
        </test-method> <!-- launchChrome -->
        <test-method status="PASS" signature="login()[pri:0, instance:com.ExtentReport.LoginTestNormalExtentReport@462d5aee]" name="login" duration-ms="24774" started-at="2021-01-16T13:15:23 BDT" finished-at="2021-01-16T13:15:48 BDT">
          <reporter-output>
          </reporter-output>
        </test-method> <!-- login -->
        <test-method status="PASS" signature="tearDownChrome()[pri:0, instance:com.ExtentReport.LoginTestNormalExtentReport@462d5aee]" name="tearDownChrome" is-config="true" duration-ms="2" started-at="2021-01-16T13:15:48 BDT" finished-at="2021-01-16T13:15:48 BDT">
          <reporter-output>
          </reporter-output>
        </test-method> <!-- tearDownChrome -->
      </class> <!-- com.ExtentReport.LoginTestNormalExtentReport -->
    </test> <!-- Default test -->
  </suite> <!-- Default suite -->
</testng-results>
